<?xml version="1.0" encoding="UTF-8"?>
<!-- Generated by org.testng.reporters.JUnitReportReporter -->
<testsuite hostname="sansidson-PC" failures="0" tests="1" name="testcases.RegisterAccountWarningtexts" time="22.389" errors="0" timestamp="2022-09-13T08:09:22 IST" skipped="0">
  <testcase classname="testcases.RegisterAccountWarningtexts" name="RegAccountWarningtexts" time="22.389"/>
  <system-out/>
</testsuite> <!-- testcases.RegisterAccountWarningtexts -->
