<?xml version="1.0" encoding="UTF-8"?>
<!-- Generated by org.testng.reporters.JUnitReportReporter -->
<testsuite hostname="sansidson-PC" failures="0" tests="1" name="testcases.LoginModuleTest" time="14.789" errors="0" timestamp="2022-09-13T08:09:22 IST" skipped="0">
  <testcase classname="testcases.LoginModuleTest" name="LoginModule" time="14.789"/>
  <system-out/>
</testsuite> <!-- testcases.LoginModuleTest -->
