<?xml version="1.0" encoding="UTF-8"?>
<!-- Generated by org.testng.reporters.JUnitReportReporter -->
<testsuite hostname="sansidson-PC" failures="0" tests="1" name="testcases.Headerlinksvalidity" time="11.683" errors="0" timestamp="2022-09-13T08:09:22 IST" skipped="0">
  <testcase classname="testcases.Headerlinksvalidity" name="HeaderLinks" time="11.683"/>
  <system-out/>
</testsuite> <!-- testcases.Headerlinksvalidity -->
