<?xml version="1.0" encoding="UTF-8"?>
<!-- Generated by org.testng.reporters.JUnitReportReporter -->
<testsuite hostname="sansidson-PC" failures="0" tests="1" name="testcases.StaticDropDownhandle" time="13.110" errors="0" timestamp="2022-09-13T08:09:22 IST" skipped="0">
  <testcase classname="testcases.StaticDropDownhandle" name="StaticDrophandle" time="13.110"/>
  <system-out/>
</testsuite> <!-- testcases.StaticDropDownhandle -->
